生成启动时间为 2020/8/5 17:19:09。
     1>项目“C:\Users\MHN\documents\visual studio 2010\Projects\练习\练习\练习.vcxproj”在节点 2 上(build 个目标)。
     1>InitializeBuildStatus:
         正在创建“Debug\练习.unsuccessfulbuild”，因为已指定“AlwaysCreate”。
       ClCompile:
         e:\VS2010\VC\bin\CL.exe /c /ZI /nologo /W3 /WX- /Od /Oy- /D _UNICODE /D UNICODE /Gm /EHsc /RTC1 /MDd /GS /fp:precise /Zc:wchar_t /Zc:forScope /Fo"Debug\\" /Fd"Debug\vc100.pdb" /Gd /TP /analyze- /errorReport:prompt "练习.cpp"
         练习.cpp
     1>c:\users\mhn\documents\visual studio 2010\projects\练习\练习\练习.cpp(8): warning C4309: “初始化”: 截断常量值
       Link:
         e:\VS2010\VC\bin\link.exe /ERRORREPORT:PROMPT /OUT:"C:\Users\MHN\documents\visual studio 2010\Projects\练习\Debug\练习.exe" /NOLOGO kernel32.lib user32.lib gdi32.lib winspool.lib comdlg32.lib advapi32.lib shell32.lib ole32.lib oleaut32.lib uuid.lib odbc32.lib odbccp32.lib /MANIFEST /ManifestFile:"Debug\练习.exe.intermediate.manifest" /MANIFESTUAC:"level='asInvoker' uiAccess='false'" /DEBUG /PDB:"C:\Users\MHN\documents\visual studio 2010\Projects\练习\Debug\练习.pdb" /TLBID:1 /DYNAMICBASE /NXCOMPAT /IMPLIB:"C:\Users\MHN\documents\visual studio 2010\Projects\练习\Debug\练习.lib" /MACHINE:X86 Debug\array.obj
         "Debug\水仙花数1.obj"
         "Debug\水仙花数2.obj"
         "Debug\乘法口诀表.obj"
         "Debug\冒泡排序.obj"
         "Debug\练习.obj"
         "Debug\结构体.obj"
         LINK : 没有找到 C:\Users\MHN\documents\visual studio 2010\Projects\练习\Debug\练习.exe 或上一个增量链接没有生成它；正在执行完全链接
         练习.vcxproj -> C:\Users\MHN\documents\visual studio 2010\Projects\练习\Debug\练习.exe
       Manifest:
         C:\Program Files (x86)\Microsoft SDKs\Windows\v7.0A\bin\mt.exe /nologo /verbose /outputresource:"C:\Users\MHN\documents\visual studio 2010\Projects\练习\Debug\练习.exe;#1" /manifest "Debug\练习.exe.intermediate.manifest"
       FinalizeBuildStatus:
         正在删除文件“Debug\练习.unsuccessfulbuild”。
         正在对“Debug\练习.lastbuildstate”执行 Touch 任务。
     1>已完成生成项目“C:\Users\MHN\documents\visual studio 2010\Projects\练习\练习\练习.vcxproj”(build 个目标)的操作。

生成成功。

已用时间 00:00:01.21
