生成启动时间为 2022/7/6 9:40:10。
     1>项目“C:\Users\MHN\documents\visual studio 2010\Projects\c++ 练习2\c++ 练习2\c++ 练习2.vcxproj”在节点 2 上(build 个目标)。
     1>InitializeBuildStatus:
         正在创建“Debug\c++ 练习2.unsuccessfulbuild”，因为已指定“AlwaysCreate”。
       ClCompile:
         e:\VS2010\VC\bin\CL.exe /c /ZI /nologo /W3 /WX- /Od /Oy- /D _UNICODE /D UNICODE /Gm /EHsc /RTC1 /MDd /GS /fp:precise /Zc:wchar_t /Zc:forScope /Fo"Debug\\" /Fd"Debug\vc100.pdb" /Gd /TP /analyze- /errorReport:prompt "练习4.cpp"
         练习4.cpp
       Link:
         e:\VS2010\VC\bin\link.exe /ERRORREPORT:PROMPT /OUT:"C:\Users\MHN\documents\visual studio 2010\Projects\c++ 练习2\Debug\c++ 练习2.exe" /NOLOGO kernel32.lib user32.lib gdi32.lib winspool.lib comdlg32.lib advapi32.lib shell32.lib ole32.lib oleaut32.lib uuid.lib odbc32.lib odbccp32.lib /MANIFEST /ManifestFile:"Debug\c++ 练习2.exe.intermediate.manifest" /MANIFESTUAC:"level='asInvoker' uiAccess='false'" /DEBUG /PDB:"C:\Users\MHN\documents\visual studio 2010\Projects\c++ 练习2\Debug\c++ 练习2.pdb" /TLBID:1 /DYNAMICBASE /NXCOMPAT /IMPLIB:"C:\Users\MHN\documents\visual studio 2010\Projects\c++ 练习2\Debug\c++ 练习2.lib" /MACHINE:X86 Debug\hash_system.obj
         "Debug\练习.obj"
         "Debug\练习2.obj"
         "Debug\练习3.obj"
         "Debug\练习4.obj"
         LINK : 没有找到 C:\Users\MHN\documents\visual studio 2010\Projects\c++ 练习2\Debug\c++ 练习2.exe 或上一个增量链接没有生成它；正在执行完全链接
         c++ 练习2.vcxproj -> C:\Users\MHN\documents\visual studio 2010\Projects\c++ 练习2\Debug\c++ 练习2.exe
       Manifest:
         C:\Program Files (x86)\Microsoft SDKs\Windows\v7.0A\bin\mt.exe /nologo /verbose /outputresource:"C:\Users\MHN\documents\visual studio 2010\Projects\c++ 练习2\Debug\c++ 练习2.exe;#1" /manifest "Debug\c++ 练习2.exe.intermediate.manifest"
       FinalizeBuildStatus:
         正在删除文件“Debug\c++ 练习2.unsuccessfulbuild”。
         正在对“Debug\c++ 练习2.lastbuildstate”执行 Touch 任务。
     1>已完成生成项目“C:\Users\MHN\documents\visual studio 2010\Projects\c++ 练习2\c++ 练习2\c++ 练习2.vcxproj”(build 个目标)的操作。

生成成功。

已用时间 00:00:02.51
